<?xml version="1.0" encoding="UTF-8"?>
<!-- Generated by org.testng.reporters.JUnitXMLReporter -->
<testsuite ignored="1" hostname="VibinV" failures="0" tests="1" name="Default test" time="10.82" errors="0" timestamp="2023-12-01T15:19:29 IST">
  <testcase classname="com.gitfocus.helpers.HandlingAutosuggestion" name="helper_autoSuggAmazon" time="10.787"/>
  <testcase classname="com.gitfocus.helpers.HandlingAutosuggestion" name="helper_autoSuggFlipkart" time="0.0">
    <ignored/>
  </testcase> <!-- helper_autoSuggFlipkart -->
</testsuite> <!-- Default test -->
