<?xml version="1.0" encoding="UTF-8"?>
<testng-results ignored="0" total="1" passed="1" failed="0" skipped="0">
  <reporter-output>
  </reporter-output>
  <suite started-at="2023-11-29T00:07:08 IST" name="Default suite" finished-at="2023-11-29T00:07:17 IST" duration-ms="8226">
    <groups>
    </groups>
    <test started-at="2023-11-29T00:07:08 IST" name="Default test" finished-at="2023-11-29T00:07:17 IST" duration-ms="8226">
      <class name="com.gitfocus.factory.BaseClass">
        <test-method signature="browserSetup()[pri:0, instance:com.gitfocus.factory.BaseClass@4d5650ae]" started-at="2023-11-29T00:07:08 IST" name="browserSetup" finished-at="2023-11-29T00:07:17 IST" duration-ms="8186" status="PASS">
          <reporter-output>
          </reporter-output>
        </test-method> <!-- browserSetup -->
      </class> <!-- com.gitfocus.factory.BaseClass -->
    </test> <!-- Default test -->
  </suite> <!-- Default suite -->
</testng-results>
